apk_python32/app/build/outputs/logs/manifest-merger-debug-report.txt
-- Merging decision tree log ---
manifest
ADDED from AndroidManifest.xml:3:1
	xmlns:android
		ADDED from AndroidManifest.xml:7:6
	package
		ADDED from AndroidManifest.xml:3:12
		INJECTED from AndroidManifest.xml:0:0
		INJECTED from AndroidManifest.xml:0:0
	android:versionName
		ADDED from AndroidManifest.xml:5:6
	android:versionCode
		ADDED from AndroidManifest.xml:4:6
		INJECTED from AndroidManifest.xml:0:0
		INJECTED from AndroidManifest.xml:0:0
	android:installLocation
		ADDED from AndroidManifest.xml:6:6
uses-sdk
ADDED from AndroidManifest.xml:9:3
	android:targetSdkVersion
		INJECTED from AndroidManifest.xml:0:0
		INJECTED from AndroidManifest.xml:0:0
	android:minSdkVersion
		ADDED from AndroidManifest.xml:9:17
		INJECTED from AndroidManifest.xml:0:0
		INJECTED from AndroidManifest.xml:0:0
application
ADDED from AndroidManifest.xml:11:3
	android:label
		ADDED from AndroidManifest.xml:13:8
	android:debuggable
		ADDED from AndroidManifest.xml:11:17
	android:icon
		ADDED from AndroidManifest.xml:12:8
	android:name
		ADDED from AndroidManifest.xml:14:8
activity#com.android.python32.ScriptActivity
ADDED from AndroidManifest.xml:16:5
	android:configChanges
		ADDED from AndroidManifest.xml:17:10
	android:theme
		ADDED from AndroidManifest.xml:18:10
	android:name
		ADDED from AndroidManifest.xml:16:16
intent-filter#android.intent.action.MAIN+android.intent.category.LAUNCHER
ADDED from AndroidManifest.xml:20:7
action#android.intent.action.MAIN
ADDED from AndroidManifest.xml:21:9
	android:name
		ADDED from AndroidManifest.xml:21:18
category#android.intent.category.LAUNCHER
ADDED from AndroidManifest.xml:22:9
	android:name
		ADDED from AndroidManifest.xml:22:19
intent-filter#android.intent.category.DEFAULT+com.googlecode.android_scripting.action.ACTION_LAUNCH_FOR_RESULT
ADDED from AndroidManifest.xml:25:8
action#com.googlecode.android_scripting.action.ACTION_LAUNCH_FOR_RESULT
ADDED from AndroidManifest.xml:26:9
	android:name
		ADDED from AndroidManifest.xml:26:18
category#android.intent.category.DEFAULT
ADDED from AndroidManifest.xml:27:9
	android:name
		ADDED from AndroidManifest.xml:27:19
service#com.android.python32.ScriptService
ADDED from AndroidManifest.xml:32:5
	android:name
		ADDED from AndroidManifest.xml:32:15
intent-filter#com.android.python32.ScriptService
ADDED from AndroidManifest.xml:33:6
action#com.android.python32.ScriptService
ADDED from AndroidManifest.xml:34:4
	android:name
		ADDED from AndroidManifest.xml:34:12
service#com.android.python32.BackgroundScriptService
ADDED from AndroidManifest.xml:38:5
	android:name
		ADDED from AndroidManifest.xml:38:15
intent-filter#com.android.python32.BackgroundScriptService
ADDED from AndroidManifest.xml:39:6
action#com.android.python32.BackgroundScriptService
ADDED from AndroidManifest.xml:40:4
	android:name
		ADDED from AndroidManifest.xml:40:12
service#com.android.python32.RpcServerService
ADDED from AndroidManifest.xml:44:2
	android:name
		ADDED from AndroidManifest.xml:44:11
activity#com.googlecode.android_scripting.activity.FutureActivity
ADDED from AndroidManifest.xml:46:5
	android:configChanges
		ADDED from AndroidManifest.xml:46:16
	android:theme
		ADDED from AndroidManifest.xml:48:10
	android:name
		ADDED from AndroidManifest.xml:47:10
activity#com.android.python32.DialogActivity
ADDED from AndroidManifest.xml:50:5
	android:configChanges
		ADDED from AndroidManifest.xml:51:10
	android:theme
		ADDED from AndroidManifest.xml:50:16
	android:name
		ADDED from AndroidManifest.xml:52:10
activity#com.android.python32.RpcServerLauncher
ADDED from AndroidManifest.xml:54:2
	android:theme
		ADDED from AndroidManifest.xml:57:8
	android:taskAffinity
		ADDED from AndroidManifest.xml:56:8
	android:name
		ADDED from AndroidManifest.xml:55:8
intent-filter#android.intent.action.VIEW+android.intent.category.DEFAULT
ADDED from AndroidManifest.xml:58:8
action#android.intent.action.VIEW
ADDED from AndroidManifest.xml:59:10
	android:name
		ADDED from AndroidManifest.xml:59:18
supports-screens
ADDED from AndroidManifest.xml:66:3
	android:xlargeScreens
		ADDED from AndroidManifest.xml:66:21
uses-permission#android.permission.INTERNET
ADDED from AndroidManifest.xml:68:3
	android:name
		ADDED from AndroidManifest.xml:68:20
uses-permission#android.permission.WRITE_EXTERNAL_STORAGE
ADDED from AndroidManifest.xml:69:3
	android:name
		ADDED from AndroidManifest.xml:69:20